0 info it worked if it ends with ok
1 verbose cli [ '/usr/local/Cellar/node/5.5.0/bin/node',
1 verbose cli   '/usr/local/bin/npm',
1 verbose cli   'run',
1 verbose cli   'prepare' ]
2 info using npm@3.5.3
3 info using node@v5.5.0
4 verbose run-script [ 'prepare' ]
5 info lifecycle shower@2.1.1~prepare: shower@2.1.1
6 verbose lifecycle shower@2.1.1~prepare: unsafe-perm in lifecycle true
7 verbose lifecycle shower@2.1.1~prepare: PATH: /usr/local/lib/node_modules/npm/bin/node-gyp-bin:/Users/alex/Desktop/pewpewSlides/node_modules/.bin:/opt/local/bin:/opt/local/sbin:/usr/local/bin:/usr/bin:/bin:/usr/sbin:/sbin
8 verbose lifecycle shower@2.1.1~prepare: CWD: /Users/alex/Desktop/pewpewSlides
9 silly lifecycle shower@2.1.1~prepare: Args: [ '-c', 'gulp prepare' ]
10 info lifecycle shower@2.1.1~prepare: Failed to exec prepare script
11 verbose stack Error: shower@2.1.1 prepare: `gulp prepare`
11 verbose stack spawn ENOENT
11 verbose stack     at ChildProcess.<anonymous> (/usr/local/lib/node_modules/npm/lib/utils/spawn.js:17:16)
11 verbose stack     at emitTwo (events.js:100:13)
11 verbose stack     at ChildProcess.emit (events.js:185:7)
11 verbose stack     at maybeClose (internal/child_process.js:821:16)
11 verbose stack     at Process.ChildProcess._handle.onexit (internal/child_process.js:211:5)
12 verbose pkgid shower@2.1.1
13 verbose cwd /Users/alex/Desktop/pewpewSlides
14 error Darwin 15.4.0
15 error argv "/usr/local/Cellar/node/5.5.0/bin/node" "/usr/local/bin/npm" "run" "prepare"
16 error node v5.5.0
17 error npm  v3.5.3
18 error file sh
19 error code ELIFECYCLE
20 error errno ENOENT
21 error syscall spawn
22 error shower@2.1.1 prepare: `gulp prepare`
22 error spawn ENOENT
23 error Failed at the shower@2.1.1 prepare script 'gulp prepare'.
23 error Make sure you have the latest version of node.js and npm installed.
23 error If you do, this is most likely a problem with the shower package,
23 error not with npm itself.
23 error Tell the author that this fails on your system:
23 error     gulp prepare
23 error You can get information on how to open an issue for this project with:
23 error     npm bugs shower
23 error Or if that isn't available, you can get their info via:
23 error     npm owner ls shower
23 error There is likely additional logging output above.
24 verbose exit [ 1, true ]
